#
# There is insufficient memory for the Java Runtime Environment to continue.
# Native memory allocation (mmap) failed to map 8388608 bytes for G1 virtual space
# Possible reasons:
#   The system is out of physical RAM or swap space
#   The process is running with CompressedOops enabled, and the Java Heap may be blocking the growth of the native heap
# Possible solutions:
#   Reduce memory load on the system
#   Increase physical memory or swap space
#   Check if swap backing store is full
#   Decrease Java heap size (-Xmx/-Xms)
#   Decrease number of Java threads
#   Decrease Java thread stack sizes (-Xss)
#   Set larger code cache with -XX:ReservedCodeCacheSize=
#   JVM is running with Zero Based Compressed Oops mode in which the Java heap is
#     placed in the first 32GB address space. The Java Heap base address is the
#     maximum limit for the native heap growth. Please use -XX:HeapBaseMinAddress
#     to set the Java Heap base and to place the Java Heap above 32GB virtual address.
# This output file may be truncated or incomplete.
#
#  Out of Memory Error (os_windows.cpp:3530), pid=337960, tid=399516
#
# JRE version:  (18.0.1.1+2) (build )
# Java VM: Java HotSpot(TM) 64-Bit Server VM (18.0.1.1+2-6, mixed mode, sharing, tiered, compressed oops, compressed class ptrs, g1 gc, windows-amd64)
# No core dump will be written. Minidumps are not enabled by default on client versions of Windows
#

---------------  S U M M A R Y ------------

Command Line: -agentlib:jdwp=transport=dt_socket,address=127.0.0.1:65487,suspend=y,server=n -Dmaven.multiModuleProjectDirectory=D:\Repo\OTUS_Appium -Dmaven.home=D:\IntelliJ IDEA Community Edition 2022.1\plugins\maven\lib\maven3 -Dclassworlds.conf=D:\IntelliJ IDEA Community Edition 2022.1\plugins\maven\lib\maven3\bin\m2.conf -Dmaven.ext.class.path=D:\IntelliJ IDEA Community Edition 2022.1\plugins\maven\lib\maven-event-listener.jar -javaagent:C:\Users\nagro\AppData\Local\JetBrains\IdeaIC2022.1\captureAgent\debugger-agent.jar=file:/C:/Users/nagro/AppData/Local/Temp/capture.props -Dfile.encoding=UTF-8 org.codehaus.classworlds.Launcher -Didea.version=2022.1 clean test -DforkCount=0

Host: AMD Ryzen 5 3600 6-Core Processor              , 12 cores, 31G,  Windows 10 , 64 bit Build 19041 (10.0.19041.1889)
Time: Thu Oct 13 22:58:06 2022 RTZ 3 (s 10 , 64 bit Build 19041 (10.0.19041.1889) elapsed time: 0.011991 seconds (0d 0h 0m 0s)

---------------  T H R E A D  ---------------

Current thread (0x0000024f30a44dd0):  JavaThread "Unknown thread" [_thread_in_vm, id=399516, stack(0x00000050edc00000,0x00000050edd00000)]

Stack: [0x00000050edc00000,0x00000050edd00000]
Native frames: (J=compiled Java code, j=interpreted, Vv=VM code, C=native code)
V  [jvm.dll+0x69887a]
V  [jvm.dll+0x7f38bd]
V  [jvm.dll+0x7f51ce]
V  [jvm.dll+0x7f5883]
V  [jvm.dll+0x25ca3f]
V  [jvm.dll+0x6957c9]
V  [jvm.dll+0x68a2fa]
V  [jvm.dll+0x321efb]
V  [jvm.dll+0x3298d6]
V  [jvm.dll+0x37e4a8]
V  [jvm.dll+0x37e6af]
V  [jvm.dll+0x2f9c7a]
V  [jvm.dll+0x2facdd]
V  [jvm.dll+0x7c24f0]
V  [jvm.dll+0x38b801]
V  [jvm.dll+0x7a1203]
V  [jvm.dll+0x40d6bf]
V  [jvm.dll+0x40f091]
C  [jli.dll+0x526b]
C  [ucrtbase.dll+0x21bb2]
C  [KERNEL32.DLL+0x17034]
C  [ntdll.dll+0x526a1]


---------------  P R O C E S S  ---------------

Threads class SMR info:
_java_thread_list=0x00007ff98170d550, length=0, elements={
}

Java Threads: ( => current thread )

Other Threads:
  0x0000024f30af7930 WorkerThread "GC Thread#0" [stack: 0x00000050edd00000,0x00000050ede00000] [id=398208]
  0x0000024f30b08ed0 ConcurrentGCThread "G1 Main Marker" [stack: 0x00000050ede00000,0x00000050edf00000] [id=399400]
  0x0000024f30b09fe0 WorkerThread "G1 Conc#0" [stack: 0x00000050edf00000,0x00000050ee000000] [id=400756]

[error occurred during error reporting (printing all threads), id 0xc0000005, EXCEPTION_ACCESS_VIOLATION (0xc0000005) at pc=0x00007ff980f3a217]

VM state: not at safepoint (not fully initialized)

VM Mutex/Monitor currently owned by a thread:  ([mutex/lock_event])
[0x0000024f30a3f820] Heap_lock - owner thread: 0x0000024f30a44dd0

Heap address: 0x0000000601400000, size: 8172 MB, Compressed Oops mode: Zero based, Oop shift amount: 3

CDS archive(s) mapped at: [0x0000000000000000-0x0000000000000000-0x0000000000000000), size 0, SharedBaseAddress: 0x0000000800000000, ArchiveRelocationMode: 0.
Narrow klass base: 0x0000000000000000, Narrow klass shift: 0, Narrow klass range: 0x0

GC Precious Log:
 CardTable entry size: 512
 Card Set container configuration: InlinePtr #cards 4 size 8 Array Of Cards #cards 32 size 80 Howl #buckets 8 coarsen threshold 7372 Howl Bitmap #cards 1024 size 144 coarsen threshold 921 Card regions per heap region 1 cards per card region 8192

Heap:
 garbage-first heap   total 0K, used 0K [0x0000000601400000, 0x0000000800000000)
  region size 4096K, 0 young (0K), 0 survivors (0K)

[error occurred during error reporting (printing heap information), id 0xc0000005, EXCEPTION_ACCESS_VIOLATION (0xc0000005) at pc=0x00007ff981320cb9]

GC Heap History (0 events):
No events

Deoptimization events (0 events):
No events

Classes loaded (0 events):
No events

Classes unloaded (0 events):
No events

Classes redefined (0 events):
No events

Internal exceptions (0 events):
No events

VM Operations (0 events):
No events

Events (2 events):
Event: 0.007 Loaded shared library C:\Program Files\Java\jdk-18.0.1.1\bin\java.dll
Event: 0.008 Loaded shared library C:\Program Files\Java\jdk-18.0.1.1\bin\zip.dll


Dynamic libraries:
0x00007ff7d9fe0000 - 0x00007ff7d9ff0000 	C:\Program Files\Java\jdk-18.0.1.1\bin\java.exe
0x00007ffa093b0000 - 0x00007ffa095a8000 	C:\WINDOWS\SYSTEM32\ntdll.dll
0x00007ffa07c40000 - 0x00007ffa07cfd000 	C:\WINDOWS\System32\KERNEL32.DLL
0x00007ffa06dc0000 - 0x00007ffa0708e000 	C:\WINDOWS\System32\KERNELBASE.dll
0x00007ffa07140000 - 0x00007ffa07240000 	C:\WINDOWS\System32\ucrtbase.dll
0x00007ffa00cf0000 - 0x00007ffa00d0a000 	C:\Program Files\Java\jdk-18.0.1.1\bin\VCRUNTIME140.dll
0x00007ff9f8fd0000 - 0x00007ff9f8fe8000 	C:\Program Files\Java\jdk-18.0.1.1\bin\jli.dll
0x00007ffa08ba0000 - 0x00007ffa08c4e000 	C:\WINDOWS\System32\ADVAPI32.dll
0x00007ffa07430000 - 0x00007ffa074ce000 	C:\WINDOWS\System32\msvcrt.dll
0x00007ffa07ae0000 - 0x00007ffa07b7c000 	C:\WINDOWS\System32\sechost.dll
0x00007ffa08d90000 - 0x00007ffa08eb5000 	C:\WINDOWS\System32\RPCRT4.dll
0x00007ffa07590000 - 0x00007ffa07730000 	C:\WINDOWS\System32\USER32.dll
0x00007ffa06c50000 - 0x00007ffa06c72000 	C:\WINDOWS\System32\win32u.dll
0x00007ff9f9a50000 - 0x00007ff9f9cea000 	C:\WINDOWS\WinSxS\amd64_microsoft.windows.common-controls_6595b64144ccf1df_6.0.19041.1110_none_60b5254171f9507e\COMCTL32.dll
0x00007ffa07b80000 - 0x00007ffa07baa000 	C:\WINDOWS\System32\GDI32.dll
0x00007ffa06cb0000 - 0x00007ffa06dbb000 	C:\WINDOWS\System32\gdi32full.dll
0x00007ffa06b20000 - 0x00007ffa06bbd000 	C:\WINDOWS\System32\msvcp_win.dll
0x00007ff9fb7d0000 - 0x00007ff9fb7da000 	C:\WINDOWS\SYSTEM32\VERSION.dll
0x00007ffa07920000 - 0x00007ffa07950000 	C:\WINDOWS\System32\IMM32.DLL
0x00007ffa014b0000 - 0x00007ffa014bc000 	C:\Program Files\Java\jdk-18.0.1.1\bin\vcruntime140_1.dll
0x00007ff9e51b0000 - 0x00007ff9e523d000 	C:\Program Files\Java\jdk-18.0.1.1\bin\msvcp140.dll
0x00007ff980c30000 - 0x00007ff981840000 	C:\Program Files\Java\jdk-18.0.1.1\bin\server\jvm.dll
0x00007ffa08b90000 - 0x00007ffa08b98000 	C:\WINDOWS\System32\PSAPI.DLL
0x00007ff9eb610000 - 0x00007ff9eb619000 	C:\WINDOWS\SYSTEM32\WSOCK32.dll
0x00007ff9fb4f0000 - 0x00007ff9fb517000 	C:\WINDOWS\SYSTEM32\WINMM.dll
0x00007ffa08d20000 - 0x00007ffa08d8b000 	C:\WINDOWS\System32\WS2_32.dll
0x00007ffa049a0000 - 0x00007ffa049b2000 	C:\WINDOWS\SYSTEM32\kernel.appcore.dll
0x00007ff9fbd00000 - 0x00007ff9fbd0a000 	C:\Program Files\Java\jdk-18.0.1.1\bin\jimage.dll
0x00007ff9f7dd0000 - 0x00007ff9f7fb4000 	C:\WINDOWS\SYSTEM32\DBGHELP.DLL
0x00007ff9fb4b0000 - 0x00007ff9fb4dc000 	C:\WINDOWS\SYSTEM32\dbgcore.DLL
0x00007ffa06bc0000 - 0x00007ffa06c42000 	C:\WINDOWS\System32\bcryptPrimitives.dll
0x00007ff9f11e0000 - 0x00007ff9f121b000 	C:\Program Files\Java\jdk-18.0.1.1\bin\jdwp.dll
0x00007ff9fb3e0000 - 0x00007ff9fb3ee000 	C:\Program Files\Java\jdk-18.0.1.1\bin\instrument.dll
0x00007ff9eade0000 - 0x00007ff9eae05000 	C:\Program Files\Java\jdk-18.0.1.1\bin\java.dll
0x00007ff9f8d90000 - 0x00007ff9f8da8000 	C:\Program Files\Java\jdk-18.0.1.1\bin\zip.dll

dbghelp: loaded successfully - version: 4.0.5 - missing functions: none
symbol engine: initialized successfully - sym options: 0x614 - pdb path: .;C:\Program Files\Java\jdk-18.0.1.1\bin;C:\WINDOWS\SYSTEM32;C:\WINDOWS\WinSxS\amd64_microsoft.windows.common-controls_6595b64144ccf1df_6.0.19041.1110_none_60b5254171f9507e;C:\Program Files\Java\jdk-18.0.1.1\bin\server

VM Arguments:
jvm_args: -agentlib:jdwp=transport=dt_socket,address=127.0.0.1:65487,suspend=y,server=n -Dmaven.multiModuleProjectDirectory=D:\Repo\OTUS_Appium -Dmaven.home=D:\IntelliJ IDEA Community Edition 2022.1\plugins\maven\lib\maven3 -Dclassworlds.conf=D:\IntelliJ IDEA Community Edition 2022.1\plugins\maven\lib\maven3\bin\m2.conf -Dmaven.ext.class.path=D:\IntelliJ IDEA Community Edition 2022.1\plugins\maven\lib\maven-event-listener.jar -javaagent:C:\Users\nagro\AppData\Local\JetBrains\IdeaIC2022.1\captureAgent\debugger-agent.jar=file:/C:/Users/nagro/AppData/Local/Temp/capture.props -Dfile.encoding=UTF-8 
java_command: org.codehaus.classworlds.Launcher -Didea.version=2022.1 clean test -DforkCount=0
java_class_path (initial): D:\IntelliJ IDEA Community Edition 2022.1\plugins\maven\lib\maven3\boot\plexus-classworlds-2.6.0.jar;D:\IntelliJ IDEA Community Edition 2022.1\plugins\maven\lib\maven3\boot\plexus-classworlds.license;D:\IntelliJ IDEA Community Edition 2022.1\lib\idea_rt.jar
Launcher Type: SUN_STANDARD

[Global flags]
     intx CICompilerCount                          = 4                                         {product} {ergonomic}
     uint ConcGCThreads                            = 3                                         {product} {ergonomic}
     uint G1ConcRefinementThreads                  = 10                                        {product} {ergonomic}
   size_t G1HeapRegionSize                         = 4194304                                   {product} {ergonomic}
    uintx GCDrainStackTargetSize                   = 64                                        {product} {ergonomic}
   size_t InitialHeapSize                          = 536870912                                 {product} {ergonomic}
   size_t MarkStackSize                            = 4194304                                   {product} {ergonomic}
   size_t MaxHeapSize                              = 8568963072                                {product} {ergonomic}
   size_t MinHeapDeltaBytes                        = 4194304                                   {product} {ergonomic}
   size_t MinHeapSize                              = 8388608                                   {product} {ergonomic}
    uintx NonNMethodCodeHeapSize                   = 5839372                                {pd product} {ergonomic}
    uintx NonProfiledCodeHeapSize                  = 122909434                              {pd product} {ergonomic}
    uintx ProfiledCodeHeapSize                     = 122909434                              {pd product} {ergonomic}
    uintx ReservedCodeCacheSize                    = 251658240                              {pd product} {ergonomic}
     bool SegmentedCodeCache                       = true                                      {product} {ergonomic}
   size_t SoftMaxHeapSize                          = 8568963072                             {manageable} {ergonomic}
     bool UseCompressedClassPointers               = true                           {product lp64_product} {ergonomic}
     bool UseCompressedOops                        = true                           {product lp64_product} {ergonomic}
     bool UseG1GC                                  = true                                      {product} {ergonomic}
     bool UseLargePagesIndividualAllocation        = false                                  {pd product} {ergonomic}

Logging:
Log output configuration:
 #0: stdout all=warning uptime,level,tags foldmultilines=false
 #1: stderr all=off uptime,level,tags foldmultilines=false

Environment Variables:
JAVA_HOME=C:\Program Files\Java\jdk-18.0.1.1
PATH=C:\Python310\Scripts\;C:\Python310\;C:\Program Files\Common Files\Oracle\Java\javapath;C:\Windows\system32;C:\Windows;C:\Windows\System32\Wbem;C:\Windows\System32\WindowsPowerShell\v1.0\;C:\Windows\System32\OpenSSH\;C:\Program Files\NVIDIA Corporation\NVIDIA NvDLISR;C:\WINDOWS\system32;C:\WINDOWS;C:\WINDOWS\System32\Wbem;C:\WINDOWS\System32\WindowsPowerShell\v1.0\;C:\WINDOWS\System32\OpenSSH\;C:\Program Files (x86)\NVIDIA Corporation\PhysX\Common;C:\Program Files\Git\cmd;C:\Program Files\nodejs;C:\ProgramData\chocolatey\bin;C:\Program Files\nodejs\;C:\Program Files\Java\jdk-18.0.1.1\bin;C:\Program Files\apache-maven-3.8.6\bin;C:\Program Files\Docker\Docker\resources\bin;C:\ProgramData\DockerDesktop\version-bin;C:\Users\nagro\AppData\Roaming\Python\Python310\;C:\Python310\lib\site-packages\pip;C:\Users\nagro\AppData\Roaming\Python\Python310\site-packages\jenkins_jobs;c:\users\nagro\appdata\roaming\python\python310\site-packages;C:\Python310\Lib\site-packages\jenkins_jobs;C:\Users\nagro\AppData\Local\Microsoft\WindowsApps;D:\IntelliJ IDEA Community Edition 2022.1\bin;C:\Users\nagro\AppData\Local\Programs\Fiddler;C:\Users\nagro\AppData\Roaming\npm;C:\Users\nagro\AppData\Roaming\Python\Python310\;C:\Python310\lib\site-packages\pip;C:\Users\nagro\AppData\Roaming\Python\Python310\site-packages\jenkins_jobs;C:\Users\nagro\AppData\Roaming\Python\Python310\site-packages\jenkins_job_builder-4.1.0.dist-info;C:\Python310\Lib\site-packages\jenkins_jobs;
USERNAME=nagro
OS=Windows_NT
PROCESSOR_IDENTIFIER=AMD64 Family 23 Model 113 Stepping 0, AuthenticAMD



---------------  S Y S T E M  ---------------

OS:
 Windows 10 , 64 bit Build 19041 (10.0.19041.1889)
OS uptime: 14 days 3:54 hours
Hyper-V role detected

CPU: total 12 (initial active 12) (12 cores per cpu, 2 threads per core) family 23 model 113 stepping 0 microcode 0x0, cx8, cmov, fxsr, ht, mmx, 3dnowpref, sse, sse2, sse3, ssse3, sse4a, sse4.1, sse4.2, popcnt, lzcnt, tsc, tscinvbit, avx, avx2, aes, clmul, bmi1, bmi2, adx, sha, fma, vzeroupper, clflush, clflushopt, hv

Memory: 4k page, system-wide physical 32677M (4256M free)
TotalPageFile size 49984M (AvailPageFile size 11M)
current process WorkingSet (physical memory assigned to process): 11M, peak: 11M
current process commit charge ("private bytes"): 585M, peak: 593M

vm_info: Java HotSpot(TM) 64-Bit Server VM (18.0.1.1+2-6) for windows-amd64 JRE (18.0.1.1+2-6), built on Apr 25 2022 21:53:15 by "mach5one" with MS VC++ 16.8 / 16.9 (VS2019)

END.
